<?xml version="1.0"?>
<?xml-stylesheet type="text/xsl" href="configuration.xsl"?>

<configuration>

	<property>
		<name>tiny.core.job.datasource.class</name>
		<value>org.shirdrn.tinyframework.core.TextFileTinyDataSource</value>
		<description></description>
	</property>
	<property>
		<name>tiny.core.job.task.classes</name>
		<value>org.shirdrn.tinyframework.core.PrintLineTask</value>
		<description></description>
	</property>
	<property>
		<name>tiny.core.job.file.name</name>
		<value>test.txt</value>
		<description></description>
	</property>

</configuration>